<?xml version="1.0" encoding="UTF-8"?>
<!-- Generated by org.testng.reporters.JUnitReportReporter -->
<testsuite hostname="IKCON1036" failures="0" tests="1" name="Runner.orangehrmrunner$runner" time="22.575" errors="0" timestamp="2024-03-19T15:54:22 IST" skipped="0">
  <testcase classname="Runner.orangehrmrunner$runner" name="runScenario" time="22.575"/>
</testsuite> <!-- Runner.orangehrmrunner$runner -->
