<?xml version="1.0" encoding="UTF-8"?>
<!-- Generated by org.testng.reporters.JUnitReportReporter -->
<testsuite hostname="IKCON1036" failures="0" tests="1" name="Runner.runner" time="216.437" errors="0" timestamp="2024-04-05T16:36:35 IST" skipped="0">
  <testcase classname="Runner.runner" name="runScenario" time="216.437"/>
</testsuite> <!-- Runner.runner -->
